GET /tickets/?status=open&priority=mid 200 624 171.809 ms -
GET /auth/google/callback 302 0 8.407 ms -
GET /auth/google/callback 302 0 1.766 ms -
GET /auth/google/callback 302 0 0.844 ms -
GET /auth/google/callback?code=4%2F0ARtbsJoxKKmH1cmmmbw4NAfRvq4y5PuEK2wRbdRmsoYd6_-3vM6AM8cq4MNdmVfgCUrcCw&scope=email+profile+https%3A%2F%2Fwww.googleapis.com%2Fauth%2Fuserinfo.profile+https%3A%2F%2Fwww.googleapis.com%2Fauth%2Fuserinfo.email+openid&authuser=1&prompt=consent 500 54 463.238 ms -
GET /favicon.ico 404 60 3.710 ms -
GET /auth/google/callback 302 0 1.030 ms -
GET /auth/google/callback?code=4%2F0ARtbsJqe1YuC1-h_beh4WbJk5kIXdHmpHwkrkXZRa2ihZaj9vJ6kJdOnCeLfz9B3kdkkOw&scope=email+profile+https%3A%2F%2Fwww.googleapis.com%2Fauth%2Fuserinfo.profile+https%3A%2F%2Fwww.googleapis.com%2Fauth%2Fuserinfo.email+openid&authuser=1&prompt=consent 500 54 487.747 ms -
GET /auth/google/callback 302 0 20.349 ms -
GET /auth/google/callback 302 0 2.800 ms -
GET /auth/google/callback 302 0 0.888 ms -
GET /auth/google/callback 302 0 7.414 ms -
GET /auth/google/callback?code=4%2F0ARtbsJpAmfvMmmedWd2iZyPD-0VGwVk7EehJW6xsrOCYW4eBeOqPCE-_Sal6BBdQXFSp3Q&scope=email+profile+https%3A%2F%2Fwww.googleapis.com%2Fauth%2Fuserinfo.profile+https%3A%2F%2Fwww.googleapis.com%2Fauth%2Fuserinfo.email+openid&authuser=1&prompt=consent 500 54 599.974 ms -
GET /favicon.ico 404 60 7.237 ms -
GET /auth/google 302 0 14.311 ms -
GET /auth/google/callback?code=4%2F0ARtbsJpC3XCxZ_Qg4oIU68VMzNx5jd_TPDSepp9ilUS2X_rEpJ8yMtrVL9QQH8432pA1Xw&scope=email+profile+https%3A%2F%2Fwww.googleapis.com%2Fauth%2Fuserinfo.profile+https%3A%2F%2Fwww.googleapis.com%2Fauth%2Fuserinfo.email+openid&authuser=1&prompt=consent 500 54 621.761 ms -
GET /favicon.ico 404 60 2.509 ms -
GET /auth/google 302 0 6.362 ms -
GET /auth/google/callback?code=4%2F0ARtbsJo7DoI2qb9j_5K0hBZ1jKpGImmFM3kD14XWblXB5ULwRWUYz9IcXcUn1rsfFYm5kg&scope=email+profile+https%3A%2F%2Fwww.googleapis.com%2Fauth%2Fuserinfo.profile+https%3A%2F%2Fwww.googleapis.com%2Fauth%2Fuserinfo.email+openid&authuser=1&prompt=consent 500 54 503.584 ms -
GET /favicon.ico 404 60 1.748 ms -
GET /auth/google 302 0 9.810 ms -
GET /auth/google/callback?code=4%2F0ARtbsJovN_gxEcmRxU2JNkzgeb5qmBrHO5VLi-hYutWA8zTT7L7wjD67Qf2zXxV6zkP0EA&scope=email+profile+https%3A%2F%2Fwww.googleapis.com%2Fauth%2Fuserinfo.profile+https%3A%2F%2Fwww.googleapis.com%2Fauth%2Fuserinfo.email+openid&authuser=1&prompt=consent 302 86 580.180 ms -
GET /auth/google 302 0 5.842 ms -
GET /auth/google/callback?code=4%2F0ARtbsJotm6QNdG0GJ9TrnEdSJSpWoSl8q6000gXWe16ABBeCDdC70xM_OjBjiJKUPNCQ-g&scope=email+profile+https%3A%2F%2Fwww.googleapis.com%2Fauth%2Fuserinfo.profile+https%3A%2F%2Fwww.googleapis.com%2Fauth%2Fuserinfo.email+openid&authuser=1&prompt=consent 302 86 15498.730 ms -
GET /auth/google 302 0 1.643 ms -
GET /auth/google/callback?code=4%2F0ARtbsJp0sO8RBortEmYvbfoAh1Psp3dhmIDjsjzDG8Ww43OFn_-PxTgXtKH5SMqMFRQpCw&scope=email+profile+https%3A%2F%2Fwww.googleapis.com%2Fauth%2Fuserinfo.profile+https%3A%2F%2Fwww.googleapis.com%2Fauth%2Fuserinfo.email+openid&authuser=1&prompt=consent 302 86 998.965 ms -
GET /auth/login/success 200 977 11.206 ms -
GET /auth/login/success 200 977 0.866 ms -
GET /auth/login/success 200 977 0.799 ms -
GET /auth/login/success 200 977 1.483 ms -
GET /auth/login/success 200 977 21.331 ms -
GET /auth/login/success 200 977 3.494 ms -
GET /auth/login/success 200 977 2.431 ms -
GET /auth/login/success 200 977 2.656 ms -
GET /auth/login/success 200 977 45.954 ms -
GET /auth/login/success 200 977 6.494 ms -
GET /auth/login/success 304 - 4.558 ms -
GET /auth/login/success 200 977 21.663 ms -
GET /auth/login/success 200 977 8.421 ms -
GET /auth/login/success 200 977 10056.429 ms -
GET /auth/login/success 200 977 10021.895 ms -
GET /auth/login/success 200 977 120.009 ms -
GET /auth/login/success 200 977 15543.823 ms -
GET /auth/login/success 200 977 97.070 ms -
GET /auth/login/success 200 977 98.653 ms -
GET /auth/login/success 200 977 114.634 ms -
GET /auth/login/success 200 977 123.862 ms -
GET /auth/login/success 200 977 109.375 ms -
GET /auth/login/success 200 977 95.664 ms -
GET /auth/login/success 200 977 102.489 ms -
GET /auth/login/success 200 977 122.212 ms -
GET /auth/login/success 200 977 21210.125 ms -
GET /auth/login/success 200 977 25880.586 ms -
GET /auth/login/success 200 977 91.208 ms -
GET /auth/login/success 200 977 106.505 ms -
GET /auth/login/success 403 41 8.701 ms -
GET /auth/login/success 403 41 2.268 ms -
GET /auth/google 302 0 13.111 ms -
GET /auth/login/success 403 41 2.621 ms -
GET /auth/login/success 403 41 2.382 ms -
GET /auth/login/success 403 41 26.617 ms -
GET /auth/login/success 403 41 10.226 ms -
GET /auth/google 302 0 8.753 ms -
GET /auth/google/callback?code=4%2F0ARtbsJp8iJJ39KPf51d7sJ8zDF4xKd5y0ptdpsSwkafek6ddT9e9IRrJ1DXtcbhpsBadww&scope=email+profile+https%3A%2F%2Fwww.googleapis.com%2Fauth%2Fuserinfo.profile+https%3A%2F%2Fwww.googleapis.com%2Fauth%2Fuserinfo.email+openid&authuser=1&prompt=consent 302 86 535.040 ms -
GET /auth/login/success 200 977 163.384 ms -
GET /auth/login/success 304 - 100.388 ms -
GET /auth/login/success 304 - 96.687 ms -
GET /auth/login/success 304 - 94.075 ms -
GET /auth/logout 302 43 8.039 ms -
GET /auth/login/success 200 318 413.355 ms -
GET /auth/login/success 200 318 790.192 ms -
GET /auth/logout 302 43 2.115 ms -
GET /auth/login/success 200 318 97.170 ms -
GET /auth/login/success 200 318 108.813 ms -
GET /auth/login/success 200 318 153.593 ms -
GET /auth/login/success 200 318 15504.070 ms -
GET /auth/login/success 200 318 86.190 ms -
GET /auth/login/success 200 318 94.428 ms -
GET /auth/login/success 200 318 135.070 ms -
GET /auth/login/success 200 318 726.818 ms -
GET /auth/login/success 200 318 101.638 ms -
GET /auth/login/success 200 318 149.027 ms -
GET /auth/logout 302 43 5.947 ms -
GET /auth/logout 302 43 2.354 ms -
GET /auth/login/success 200 318 176.262 ms -
GET /auth/logout 302 43 7.041 ms -
GET /auth/logout 302 43 2.139 ms -
GET /auth/login/success 200 318 15142.390 ms -
GET /auth/login/success 200 318 108.834 ms -
GET /auth/login/success 200 318 141.396 ms -
GET /auth/logout 302 43 2.891 ms -
GET /auth/logout 302 43 1.070 ms -
GET /auth/logout 302 43 9.243 ms -
GET /auth/logout 302 43 3.761 ms -
GET /auth/login/success 403 41 15.817 ms -
GET /auth/login/success 403 41 14.724 ms -
GET /auth/login/success 403 41 1.311 ms -
GET /auth/login/success 403 41 13.338 ms -
GET /auth/google 302 0 9.842 ms -
GET /auth/google/callback?code=4%2F0ARtbsJrzyQ2cIoWTMu-lGVDhTH2MB0SJ8wVrJhvS3qD8Um4ZTAWjjRva7Pp08Sj8qcuzUA&scope=email+profile+https%3A%2F%2Fwww.googleapis.com%2Fauth%2Fuserinfo.profile+https%3A%2F%2Fwww.googleapis.com%2Fauth%2Fuserinfo.email+openid&authuser=1&prompt=consent 302 86 501.533 ms -
GET /auth/login/success 200 318 115.475 ms -
GET /auth/login/success 304 - 93.491 ms -
GET /auth/login/success 200 318 103.008 ms -
GET /auth/login/success 200 318 5514.483 ms -
GET /auth/login/success 403 41 5.025 ms -
GET /auth/login/success 403 41 24.452 ms -
GET /auth/login/success 200 318 122.215 ms -
GET /auth/login/success 200 318 117.040 ms -
GET /auth/logout 302 43 1.284 ms -
GET /auth/login/success 403 41 5.204 ms -
GET /auth/login/success 403 41 11.486 ms -
GET /auth/google 302 0 0.954 ms -
GET /auth/google/callback?code=4%2F0ARtbsJqf_jg1qkMSAe7UEK5zh-lOyRP1CvLXf0n8JmjalMXI94Ow2IjnC9AoWYE72TNQLA&scope=email+profile+https%3A%2F%2Fwww.googleapis.com%2Fauth%2Fuserinfo.profile+https%3A%2F%2Fwww.googleapis.com%2Fauth%2Fuserinfo.email+openid&authuser=1&prompt=consent 302 86 449.717 ms -
GET /auth/login/success 200 318 87.595 ms -
GET /auth/login/success 304 - 85.957 ms -
GET /auth/login/success 200 318 92.752 ms -
GET /auth/login/success 200 318 87.562 ms -
GET /auth/logout 302 43 0.892 ms -
GET /auth/login/success 403 41 19.726 ms -
GET /auth/google 302 0 15.062 ms -
GET /auth/login/success 403 41 14.161 ms -
GET /auth/google 302 0 1.854 ms -
GET /auth/google/callback?code=4%2F0ARtbsJqYYiHNYXewqAksjWdW_fSrpUHh1zj5cJf-EuwuarxFGw8ylo3dNJRlW5QLAijcsg&scope=email+profile+https%3A%2F%2Fwww.googleapis.com%2Fauth%2Fuserinfo.profile+https%3A%2F%2Fwww.googleapis.com%2Fauth%2Fuserinfo.email+openid&authuser=1&prompt=consent 302 86 11026.367 ms -
GET /auth/login/success 200 318 125.661 ms -
GET /auth/login/success 200 318 102.743 ms -
GET /auth/login/success 200 318 133.276 ms -
GET /auth/google 302 0 2.347 ms -
GET /auth/google/callback?code=4%2F0ARtbsJoz73c6LoL6PfjeE7oqyvpQO4Lj26ouoFAVOWrRAtWLUAbwGIbfTngp7lbIadGxLg&scope=email+profile+https%3A%2F%2Fwww.googleapis.com%2Fauth%2Fuserinfo.profile+https%3A%2F%2Fwww.googleapis.com%2Fauth%2Fuserinfo.email+openid&authuser=1&prompt=consent 302 86 436.350 ms -
GET /auth/login/success 200 318 83.322 ms -
GET /auth/login/success 200 318 102.549 ms -
GET /auth/login/success 200 318 84.116 ms -
GET /auth/login/success 200 318 15553.444 ms -
GET /auth/google 302 0 7.634 ms -
GET /auth/login/success - - - ms -
GET /auth/login/success - - - ms -
GET /auth/google/callback?code=4%2F0ARtbsJpxBh78MDwkFJfydkOyCAO0j4tB2URoPshUeo5TnJwZbzFn7pr-Vd7vmzRc5RruqA&scope=email+profile+https%3A%2F%2Fwww.googleapis.com%2Fauth%2Fuserinfo.profile+https%3A%2F%2Fwww.googleapis.com%2Fauth%2Fuserinfo.email+openid&authuser=1&prompt=consent 302 86 481.036 ms -
GET /auth/login/success - - - ms -
GET /auth/login/success 200 318 184.217 ms -
GET /auth/login/success - - - ms -
GET /auth/login/success 200 318 91.890 ms -
GET /auth/logout 302 43 7.005 ms -
GET /auth/login/success - - - ms -
GET /auth/login/success 403 41 2.041 ms -
GET /auth/login/success 403 41 2.947 ms -
GET /auth/google 302 0 11.978 ms -
GET /auth/google/callback?code=4%2F0ARtbsJqhHIqpi9C9sQm3XakLls0s-_qQamVRFhJGsfqS_pJ8-rmHESukwqXZcJHwZRuhvg&scope=email+profile+https%3A%2F%2Fwww.googleapis.com%2Fauth%2Fuserinfo.profile+https%3A%2F%2Fwww.googleapis.com%2Fauth%2Fuserinfo.email+openid&authuser=1&prompt=consent 302 86 472.793 ms -
GET /auth/login/success 200 318 91.506 ms -
GET /auth/login/success 304 - 135.277 ms -
GET /auth/login/success 200 318 110.476 ms -
GET /auth/login/success 200 318 93.255 ms -
GET /auth/logout 302 43 1.354 ms -
GET /auth/login/success 403 41 10.309 ms -
GET /auth/login/success 403 41 8.842 ms -
GET /auth/google 302 0 6.314 ms -
GET /auth/google/callback?code=4%2F0ARtbsJpHxR4hgKPw9ezJD7yXb7PktngrCA6u3ocKW4d_NOvb_caiC7eI_bJ-mbEXkqXaYA&scope=email+profile+https%3A%2F%2Fwww.googleapis.com%2Fauth%2Fuserinfo.profile+https%3A%2F%2Fwww.googleapis.com%2Fauth%2Fuserinfo.email+openid&authuser=1&prompt=consent 302 86 515.353 ms -
GET /auth/login/success 200 318 120.890 ms -
GET /auth/login/success 304 - 99.820 ms -
GET /auth/login/success 200 318 107.099 ms -
GET /auth/logout 302 43 3.831 ms -
GET /auth/login/success 200 318 15591.486 ms -
GET /auth/logout 302 43 1.708 ms -
GET /auth/logout 302 43 1.159 ms -
GET /auth/login/success 403 41 9.335 ms -
GET /auth/login/success 403 41 2.116 ms -
GET /auth/google 302 0 13.258 ms -
GET /auth/google/callback?code=4%2F0ARtbsJqx4qgt_45k-siSHGglZ4gVMGjcEzFcQjeItbtF5n80xi2AcHrRKkBjACMoSO9jUw&scope=email+profile+https%3A%2F%2Fwww.googleapis.com%2Fauth%2Fuserinfo.profile+https%3A%2F%2Fwww.googleapis.com%2Fauth%2Fuserinfo.email+openid&authuser=1&prompt=consent 302 86 2198.653 ms -
GET /auth/login/success 200 318 119.883 ms -
GET /auth/login/success 304 - 96.329 ms -
GET /auth/logout 302 43 8.851 ms -
GET /auth/login/success 403 41 20.280 ms -
GET /auth/login/success 403 41 5.627 ms -
GET /auth/google 302 0 6.830 ms -
GET /auth/google/callback?code=4%2F0ARtbsJoWBzGhTr0WmKqSXCi-B51Z1zQOgMQ89vDqSdteZ4LU4ugUtwejL2iZm7Pa6OhgkA&scope=email+profile+https%3A%2F%2Fwww.googleapis.com%2Fauth%2Fuserinfo.profile+https%3A%2F%2Fwww.googleapis.com%2Fauth%2Fuserinfo.email+openid&authuser=1&prompt=consent 302 86 5968.856 ms -
GET /auth/login/success 200 318 112.557 ms -
GET /auth/login/success 304 - 112.808 ms -
GET /auth/logout 302 43 4.136 ms -
GET /auth/login/success 403 41 1.383 ms -
GET /auth/login/success 403 41 2.154 ms -
GET /auth/login/success 403 41 13.606 ms -
GET /auth/login/success 403 41 9.868 ms -
GET /auth/google 302 0 12.761 ms -
GET /auth/google/callback?code=4%2F0ARtbsJqF96ISiNawZvOmOGyIWQP5KIT5tFOEZdAlGFriVxXfP7yrNhcutDdxYK_PIq3pCg&scope=email+profile+https%3A%2F%2Fwww.googleapis.com%2Fauth%2Fuserinfo.profile+https%3A%2F%2Fwww.googleapis.com%2Fauth%2Fuserinfo.email+openid&authuser=1&prompt=consent 302 86 526.477 ms -
GET /auth/login/success 200 318 107.626 ms -
GET /auth/login/success 304 - 122.002 ms -
GET /auth/logout 200 34 2.387 ms -
GET /auth/google 302 0 0.851 ms -
GET /auth/google/callback?code=4%2F0ARtbsJqlER1QsLvIEPdWUZOiMIkIEnN_l69KxDj_mjBddJCPjyyHl8KHN-lby6epov1Ufg&scope=email+profile+https%3A%2F%2Fwww.googleapis.com%2Fauth%2Fuserinfo.profile+https%3A%2F%2Fwww.googleapis.com%2Fauth%2Fuserinfo.email+openid&authuser=1&prompt=consent 302 86 446.774 ms -
GET /auth/login/success 304 - 94.035 ms -
GET /auth/login/success 304 - 126.275 ms -
GET /auth/login/success 200 318 87.105 ms -
GET /auth/logout 304 - 1.331 ms -
GET /auth/login/success - - - ms -
GET /auth/login/success 403 41 7.619 ms -
GET /auth/login/success 403 41 4.515 ms -
GET /auth/login/success 403 41 16.600 ms -
GET /auth/login/success 403 41 13.259 ms -
GET /auth/google 302 0 0.958 ms -
GET /auth/login/success 403 41 1.158 ms -
GET /auth/login/success 403 41 4.627 ms -
GET /auth/google/callback?code=4%2F0ARtbsJqA1DJ90WrlDqyRWTQA4AjvZLdAh5Fxs8fEzaRD4JFUgqcIW-dpPzMVp03Ax-kwNQ&scope=email+profile+https%3A%2F%2Fwww.googleapis.com%2Fauth%2Fuserinfo.profile+https%3A%2F%2Fwww.googleapis.com%2Fauth%2Fuserinfo.email+openid&authuser=1&prompt=consent 302 86 481.311 ms -
GET /auth/login/success 200 318 85.462 ms -
GET /auth/login/success 304 - 89.931 ms -
GET /auth/logout 304 - 0.735 ms -
GET /auth/login/success 403 41 1.890 ms -
GET /auth/google 302 0 1.472 ms -
GET /auth/login/success 403 41 4.714 ms -
GET /auth/google/callback?code=4%2F0ARtbsJr7I9T9aXEPg5nCrxnndK_AJFUWRH7XhipKaPqB2EXCIIH4vm_lYMo_wr5CWaTVwg&scope=email+profile+https%3A%2F%2Fwww.googleapis.com%2Fauth%2Fuserinfo.profile+https%3A%2F%2Fwww.googleapis.com%2Fauth%2Fuserinfo.email+openid&authuser=1&prompt=consent 302 86 487.512 ms -
GET /auth/login/success 200 318 83.534 ms -
GET /auth/login/success 304 - 89.856 ms -
GET /auth/logout 304 - 0.615 ms -
GET /auth/google 302 0 1.010 ms -
GET /auth/google/callback?code=4%2F0ARtbsJoktGaN0-UiFBweq93MkuOtmXVy1P-q4fX-yJSAa_WWElVf8Y1gZJGDvhHJZ4vpWQ&scope=email+profile+https%3A%2F%2Fwww.googleapis.com%2Fauth%2Fuserinfo.profile+https%3A%2F%2Fwww.googleapis.com%2Fauth%2Fuserinfo.email+openid&authuser=1&prompt=consent 302 86 449.932 ms -
GET /auth/login/success 304 - 86.337 ms -
GET /auth/login/success 304 - 108.472 ms -
GET /auth/login/success 403 41 6.473 ms -
GET /auth/login/success 403 41 1.499 ms -
GET /auth/login/success 403 41 0.820 ms -
GET /auth/login/success 403 41 1.097 ms -
GET /auth/google 302 0 7.867 ms -
GET /auth/google/callback?code=4%2F0ARtbsJrifP8MpZKdk4euXe-tsUKkXQkLjl0vxORSMbIOypPsZtS59j48VQXzHBQfe_6TZw&scope=email+profile+https%3A%2F%2Fwww.googleapis.com%2Fauth%2Fuserinfo.profile+https%3A%2F%2Fwww.googleapis.com%2Fauth%2Fuserinfo.email+openid&authuser=1&prompt=consent 302 86 475.449 ms -
GET /auth/login/success 403 41 1.083 ms -
GET /auth/login/success 403 41 0.612 ms -
GET /auth/login/success 403 41 0.838 ms -
GET /auth/login/success 200 318 177.035 ms -
GET /auth/login/success 403 41 1.056 ms -
GET /auth/login/success 304 - 94.664 ms -
GET /auth/login/success 403 41 0.856 ms -
GET /auth/login/success 304 - 91.875 ms -
GET /auth/login/success 200 318 119.076 ms -
GET /auth/logout 304 - 2.090 ms -
GET /auth/google 302 0 9.873 ms -
GET /auth/login/success - - - ms -
GET /auth/google/callback?code=4%2F0ARtbsJoqEWd4htTxDIVq6ic__oXK2682LxY_CbAhcfjg5WjnoxkGrTFOW0AEtP0kuuMZ2A&scope=email+profile+https%3A%2F%2Fwww.googleapis.com%2Fauth%2Fuserinfo.profile+https%3A%2F%2Fwww.googleapis.com%2Fauth%2Fuserinfo.email+openid&authuser=1&prompt=consent 302 86 8211.497 ms -
GET /auth/login/success 200 318 86.027 ms -
GET /auth/login/success 304 - 85.677 ms -
GET /auth/login/success 200 318 85.534 ms -
GET /auth/login/success 200 318 95.130 ms -
GET /auth/logout 304 - 1.134 ms -
GET /auth/google 302 0 1.781 ms -
GET /auth/google/callback?code=4%2F0ARtbsJo69FsfRw_L-Aa9qnbg2jRY1jEWZJHefHxzFkY6pGl8ObO83z3tgdnkMX4OT1yVCA&scope=email+profile+https%3A%2F%2Fwww.googleapis.com%2Fauth%2Fuserinfo.profile+https%3A%2F%2Fwww.googleapis.com%2Fauth%2Fuserinfo.email+openid&authuser=1&prompt=consent 302 86 439.398 ms -
GET /auth/login/success 304 - 89.638 ms -
GET /auth/login/success 304 - 89.149 ms -
GET /auth/login/success 200 318 92.257 ms -
GET /auth/login/success 200 318 93.155 ms -
GET /auth/login/success 200 318 88.879 ms -
GET /auth/login/success 200 318 97.783 ms -
GET /auth/login/success 304 - 91.796 ms -
GET /auth/login/success 403 41 1.006 ms -
GET /auth/login/success 304 - 114.554 ms -
GET /auth/login/success 403 41 2.352 ms -
GET /auth/login/success 200 318 106.594 ms -
GET /auth/login/success 200 318 116.349 ms -
GET /auth/login/success 200 304 10034.317 ms -
GET /auth/login/success 200 304 10034.106 ms -
GET /auth/login/success 200 304 101.011 ms -
GET /auth/login/success 200 304 5534.873 ms -
GET /auth/logout 304 - 2.377 ms -
GET /auth/login/success 403 31 11.144 ms -
GET /auth/login/success 403 31 4.362 ms -
GET /auth/google 302 0 6.664 ms -
GET /auth/google/callback?code=4%2F0ARtbsJqM5nyTLbBBD6pgyGnQzIeRLQtsjB2K7UskJWLuV_5DP97VeeCUE93Ym5y750qcVQ&scope=email+profile+https%3A%2F%2Fwww.googleapis.com%2Fauth%2Fuserinfo.profile+https%3A%2F%2Fwww.googleapis.com%2Fauth%2Fuserinfo.email+openid&authuser=1&prompt=consent 302 86 7248.049 ms -
GET /auth/login/success - - - ms -
GET /auth/login/success 200 304 100.150 ms -
GET /auth/logout 304 - 1.974 ms -
GET /auth/login/success - - - ms -
GET /auth/login/success 403 31 4.422 ms -
GET /auth/login/success 403 31 2.032 ms -
GET /auth/google 302 0 1.132 ms -
GET /auth/google/callback?code=4%2F0ARtbsJph7behgWQfRacn9LU-r-2p6Z7W4h-Y1FsEgJCpn0SOhWJk3H7rR1Z_sziWUHrGTA&scope=email+profile+https%3A%2F%2Fwww.googleapis.com%2Fauth%2Fuserinfo.profile+https%3A%2F%2Fwww.googleapis.com%2Fauth%2Fuserinfo.email+openid&authuser=1&prompt=consent 302 86 451.302 ms -
GET /auth/login/success 200 304 90.414 ms -
GET /auth/login/success 304 - 94.021 ms -
GET /auth/logout 304 - 0.819 ms -
GET /auth/google 302 0 1.112 ms -
GET /auth/google/callback?code=4%2F0ARtbsJrSBdCt8nQKuI_K5s3nzT58pyfqIRBtRTC4Zs7VpzL8ITqk0f5C4-QLYcbPP61RGg&scope=email+profile+https%3A%2F%2Fwww.googleapis.com%2Fauth%2Fuserinfo.profile+https%3A%2F%2Fwww.googleapis.com%2Fauth%2Fuserinfo.email+openid&authuser=1&prompt=consent 302 86 442.735 ms -
GET /auth/login/success 304 - 91.478 ms -
GET /auth/login/success 304 - 97.275 ms -
GET /auth/login/success 200 44 109.530 ms -
GET /auth/login/success - - - ms -
GET /auth/login/success 200 44 84.549 ms -
GET /auth/login/success 200 44 5494.680 ms -
GET /auth/google 302 0 10.693 ms -
GET /auth/google/callback?code=4%2F0ARtbsJr7943xm3r3Toox4znraJMtPQqm5dMf9Oh0xu206zvmMKjk1-XMBSu2d9-XoNfnGw&scope=email+profile+https%3A%2F%2Fwww.googleapis.com%2Fauth%2Fuserinfo.profile+https%3A%2F%2Fwww.googleapis.com%2Fauth%2Fuserinfo.email+openid&authuser=1&prompt=consent 302 86 583.652 ms -
GET /auth/login/success 304 - 86.736 ms -
GET /auth/login/success 304 - 83.584 ms -
GET /auth/google 302 0 7.063 ms -
GET /auth/google/callback?code=4%2F0ARtbsJqOp6PkbpY9Kgp981jwR670oAzBcOsR0ra4NgLVJtZRYeBMUo_3LeLMzcmhWgkcbg&scope=email+profile+https%3A%2F%2Fwww.googleapis.com%2Fauth%2Fuserinfo.profile+https%3A%2F%2Fwww.googleapis.com%2Fauth%2Fuserinfo.email+openid&authuser=1&prompt=consent 302 86 795.252 ms -
GET /auth/login/success 304 - 102.724 ms -
GET /auth/login/success 304 - 87.528 ms -
GET /auth/login/success 200 44 89.988 ms -
GET /auth/google 302 0 1.597 ms -
GET /auth/login/success - - - ms -
GET /auth/google/callback?code=4%2F0ARtbsJo3zR2_U4ZZBx_AQ-hHoBdQhAme4wnxN7kejHtScgE-OPRlrwTZ14s1dY3qoFmUZA&scope=email+profile+https%3A%2F%2Fwww.googleapis.com%2Fauth%2Fuserinfo.profile+https%3A%2F%2Fwww.googleapis.com%2Fauth%2Fuserinfo.email+openid&authuser=1&prompt=consent 302 86 574.746 ms -
GET /auth/login/success 200 44 91.643 ms -
GET /auth/login/success 304 - 89.668 ms -
GET /auth/login/success 200 44 87.579 ms -
GET /auth/login/success 200 44 89.437 ms -
GET /auth/google 302 0 8.371 ms -
GET /auth/google/callback?code=4%2F0ARtbsJosVQG3NAbgxoTPkCqqg_X1MKywubVx8V0B1plYEJBzAA8KcPasKqMt5Oh71yvyIw&scope=email+profile+https%3A%2F%2Fwww.googleapis.com%2Fauth%2Fuserinfo.profile+https%3A%2F%2Fwww.googleapis.com%2Fauth%2Fuserinfo.email+openid&authuser=1&prompt=consent 302 86 616.495 ms -
GET /auth/login/success 304 - 93.351 ms -
GET /auth/login/success 304 - 89.910 ms -
GET /auth/google 302 0 1.109 ms -
GET /auth/login/success - - - ms -
GET /auth/login/success - - - ms -
GET /auth/google/callback?code=4%2F0ARtbsJqDKL0hEbjT-UZ6vINv-zuvqpkAXBcgyztmxbJWm0b_cyMnwf4DJBAleDj48YjyHw&scope=email+profile+https%3A%2F%2Fwww.googleapis.com%2Fauth%2Fuserinfo.profile+https%3A%2F%2Fwww.googleapis.com%2Fauth%2Fuserinfo.email+openid&authuser=1&prompt=consent 302 86 581.422 ms -
GET /auth/login/success 200 44 84.532 ms -
GET /auth/login/success 304 - 82.424 ms -
GET /auth/google 302 0 16.652 ms -
GET /auth/login/success - - - ms -
GET /auth/login/success - - - ms -
GET /auth/google/callback?code=4%2F0ARtbsJoPH-pPz7z70W-iWJs3Lezl3ZIOQRue97g76ePxXVxHcwAgDh-hwjtxO-qti22Chg&scope=email+profile+https%3A%2F%2Fwww.googleapis.com%2Fauth%2Fuserinfo.profile+https%3A%2F%2Fwww.googleapis.com%2Fauth%2Fuserinfo.email+openid&authuser=1&prompt=consent 302 86 10476.184 ms -
GET /auth/login/success 200 158 16578.314 ms -
GET /auth/login/success 304 - 97.253 ms -
GET /auth/google 302 0 13.941 ms -
GET /auth/google/callback?code=4%2F0ARtbsJqDQ4hoVxB9Vr8LiQLJg-wY4W7iMxuBpgZBXMAwMemz8ynjQM2K4_T9hYrj9ZD-hg&scope=email+profile+https%3A%2F%2Fwww.googleapis.com%2Fauth%2Fuserinfo.profile+https%3A%2F%2Fwww.googleapis.com%2Fauth%2Fuserinfo.email+openid&authuser=1&prompt=consent 302 86 8268.076 ms -
GET /auth/login/success 304 - 127.604 ms -
GET /auth/login/success 304 - 89.978 ms -
GET /auth/login/success 304 - 93.103 ms -
GET /auth/login/success 304 - 86.974 ms -
GET /auth/login/success 304 - 83.859 ms -
GET /auth/login/success 304 - 80.058 ms -
POST /auth/upload 500 1201 43.992 ms -
POST /auth/upload 500 1201 46.966 ms -
GET /auth/login/success 403 31 21.997 ms -
GET /auth/login/success 403 31 6.151 ms -
GET /auth/google 302 0 10.759 ms -
GET /auth/google/callback?code=4%2F0ARtbsJpPVsL3R0xBX3e3uJ8dP2qhe_QSoJGYc7gOixAORIarMJfCr7F0R5pAJKQOwMaELA&scope=email+profile+https%3A%2F%2Fwww.googleapis.com%2Fauth%2Fuserinfo.profile+https%3A%2F%2Fwww.googleapis.com%2Fauth%2Fuserinfo.email+openid&authuser=1&prompt=consent 302 86 610.039 ms -
GET /auth/login/success 200 158 99.947 ms -
GET /auth/login/success 304 - 110.183 ms -
POST /auth/upload 500 24 74.101 ms -
POST /auth/upload 500 24 71.308 ms -
POST /auth/upload 500 24 173.725 ms -
POST /auth/upload 500 50 5088.312 ms -
GET /auth/login/success 304 - 160.481 ms -
GET /auth/login/success 304 - 94.133 ms -
POST /auth/upload 500 255 78.845 ms -
POST /auth/upload 200 163 178.892 ms -
POST /auth/upload 500 84 10086.505 ms -
POST /auth/upload 200 177 172.071 ms -
GET /auth/login/success 200 44 104.998 ms -
GET /auth/login/success 200 44 596.620 ms -
GET /auth/google 302 0 10.019 ms -
GET /auth/google/callback?code=4%2F0ARtbsJokVk0Gn4i48NVRZco1n5swB38TY75cHou35nj9eigJiFdZuiSUPd22mTHbgtFLkg&scope=email+profile+https%3A%2F%2Fwww.googleapis.com%2Fauth%2Fuserinfo.profile+https%3A%2F%2Fwww.googleapis.com%2Fauth%2Fuserinfo.email+openid&authuser=1&prompt=consent 302 86 728.326 ms -
GET /auth/login/success 200 158 103.819 ms -
GET /auth/login/success 304 - 91.947 ms -
POST /auth/upload 200 187 115.182 ms -
GET /upload/2679d84d-1cf8-4d22-9806-485537d41e8e.pdf 404 60 14.892 ms -
GET /favicon.ico 404 60 2.215 ms -
GET /upload/2679d84d-1cf8-4d22-9806-485537d41e8e.pdf 404 60 18.327 ms -
GET /upload/2679d84d-1cf8-4d22-9806-485537d41e8e.pdf 404 60 10.778 ms -
GET /upload/2679d84d-1cf8-4d22-9806-485537d41e8e.pdf 404 60 2.317 ms -
GET /upload/2679d84d-1cf8-4d22-9806-485537d41e8e.pdf 404 60 5.636 ms -
GET /upload/2679d84d-1cf8-4d22-9806-485537d41e8e.pdf 404 60 6.914 ms -
GET /favicon.ico 404 60 1.351 ms -
GET /upload/2679d84d-1cf8-4d22-9806-485537d41e8e.pdf 404 60 4.458 ms -
GET /favicon.ico 404 60 14.028 ms -
GET /upload/2679d84d-1cf8-4d22-9806-485537d41e8e.pdf 404 60 14.445 ms -
GET /favicon.ico 404 60 2.866 ms -
GET /upload/2679d84d-1cf8-4d22-9806-485537d41e8e.pdf 404 60 10.206 ms -
GET /upload/2679d84d-1cf8-4d22-9806-485537d41e8e.pdf 404 60 7.108 ms -
GET /upload/2679d84d-1cf8-4d22-9806-485537d41e8e.pdf 404 60 6.955 ms -
GET /favicon.ico 404 60 0.851 ms -
GET /upload/2679d84d-1cf8-4d22-9806-485537d41e8e.pdf 404 60 13.595 ms -
GET /favicon.ico 404 60 2.503 ms -
GET /upload/2679d84d-1cf8-4d22-9806-485537d41e8e.pdf 404 60 6.666 ms -
GET /upload/2679d84d-1cf8-4d22-9806-485537d41e8e.pdf 404 60 5.588 ms -
GET /favicon.ico 404 60 1.202 ms -
GET /upload/2679d84d-1cf8-4d22-9806-485537d41e8e.pdf 200 169472 12.593 ms -
GET /upload/2679d84d-1cf8-4d22-9806-485537d41e8e.pdf 304 - 31.833 ms -
GET /upload/2679d84d-1cf8-4d22-9806-485537d41e8e.pdf 200 169472 6.758 ms -
GET /favicon.ico 404 60 8.462 ms -
GET /upload/2679d84d-1cf8-4d22-9806-485537d41e8e.pdf 200 169472 4.254 ms -
GET /favicon.ico 404 60 13.225 ms -
GET /upload/2679d84d-1cf8-4d22-9806-485537d41e8e.pdf 304 - 11.464 ms -
GET /upload/2679d84d-1cf8-4d22-9806-485537d41e8e.pdf 200 169472 33.628 ms -
GET /favicon.ico 404 60 10.441 ms -
GET /upload/2679d84d-1cf8-4d22-9806-485537d41e8e.pdf 401 36 38.157 ms -
GET /auth/login/success 200 289 130.581 ms -
GET /auth/login/success 304 - 96.881 ms -
GET /upload/%3C/td%3EFirstFile 404 60 18.660 ms -
GET /upload/%3C/td%3EFirstFile 404 60 5.783 ms -
GET /upload/FirstFile 404 60 11.906 ms -
GET /upload/2679d84d-1cf8-4d22-9806-485537d41e8e.pdf 304 - 21.884 ms -
GET /auth/login/success 304 - 172.859 ms -
GET /auth/login/success 304 - 115.376 ms -
GET /auth/login/success 304 - 127.860 ms -
GET /upload/CodePlayRoboWeek2022.pdf 404 60 10.238 ms -
GET /upload/2679d84d-1cf8-4d22-9806-485537d41e8e.pdf 304 - 15.750 ms -
GET /auth/login/success 304 - 95.970 ms -
GET /auth/login/success 304 - 113.383 ms -
GET /auth/login/success 304 - 154.682 ms -
POST /auth/upload 200 179 163.077 ms -
GET /auth/login/success 200 413 88.660 ms -
GET /auth/login/success 200 413 577.557 ms -
POST /auth/upload 200 176 102.532 ms -
GET /auth/login/success 200 534 96.792 ms -
GET /auth/login/success 304 - 103.723 ms -
GET /auth/login/success 304 - 91.946 ms -
GET /auth/login/success 304 - 93.792 ms -
GET /auth/login/success 304 - 87.766 ms -
GET /auth/login/success 304 - 98.914 ms -
GET /auth/login/success 304 - 85.449 ms -
GET /auth/login/success 304 - 84.588 ms -
GET /auth/login/success 304 - 85.157 ms -
GET /auth/login/success 304 - 89.218 ms -
GET /auth/login/success 304 - 92.230 ms -
GET /auth/login/success 304 - 86.350 ms -
GET /auth/login/success 304 - 82.438 ms -
GET /auth/login/success 304 - 81.435 ms -
GET /auth/login/success 304 - 87.123 ms -
GET /auth/login/success 304 - 82.873 ms -
GET /auth/login/success 304 - 90.216 ms -
GET /auth/login/success 304 - 86.392 ms -
GET /auth/login/success 304 - 81.927 ms -
GET /auth/login/success 304 - 86.275 ms -
GET /auth/login/success 304 - 82.664 ms -
GET /auth/login/success 304 - 90.715 ms -
GET /auth/login/success 304 - 81.078 ms -
GET /auth/login/success 304 - 87.125 ms -
GET /auth/login/success 304 - 84.310 ms -
GET /auth/login/success 304 - 82.423 ms -
GET /auth/login/success 304 - 85.219 ms -
GET /auth/login/success 304 - 85.905 ms -
GET /auth/login/success 304 - 79.723 ms -
GET /auth/login/success 304 - 82.932 ms -
GET /auth/login/success 304 - 81.721 ms -
GET /auth/login/success 304 - 88.491 ms -
GET /auth/login/success 304 - 80.271 ms -
GET /auth/login/success 304 - 86.282 ms -
GET /auth/login/success 304 - 86.370 ms -
GET /auth/login/success 304 - 80.233 ms -
GET /auth/login/success 304 - 82.736 ms -
GET /auth/login/success 304 - 80.843 ms -
GET /auth/login/success 304 - 85.912 ms -
GET /auth/login/success 304 - 80.372 ms -
GET /auth/login/success 304 - 85.499 ms -
GET /auth/login/success 304 - 81.494 ms -
GET /auth/login/success 304 - 80.210 ms -
GET /auth/login/success 304 - 83.521 ms -
GET /auth/login/success 304 - 82.308 ms -
GET /auth/login/success 304 - 81.179 ms -
GET /auth/login/success 304 - 87.817 ms -
GET /auth/login/success 304 - 82.592 ms -
GET /auth/login/success 304 - 86.112 ms -
GET /auth/login/success 304 - 80.643 ms -
GET /auth/login/success 304 - 86.444 ms -
GET /auth/login/success 304 - 81.749 ms -
GET /auth/login/success 304 - 81.156 ms -
GET /auth/login/success 304 - 81.911 ms -
GET /auth/login/success 304 - 83.181 ms -
GET /auth/login/success 304 - 79.888 ms -
GET /auth/login/success 304 - 83.818 ms -
GET /auth/login/success 304 - 87.168 ms -
GET /auth/login/success 304 - 80.815 ms -
GET /auth/login/success 304 - 85.538 ms -
GET /auth/login/success 304 - 85.295 ms -
GET /auth/login/success 304 - 81.669 ms -
GET /auth/login/success 304 - 86.300 ms -
GET /auth/login/success 304 - 83.497 ms -
GET /auth/login/success 304 - 87.699 ms -
GET /auth/login/success 304 - 80.010 ms -
GET /auth/login/success 304 - 87.856 ms -
GET /auth/login/success 304 - 81.618 ms -
GET /auth/login/success 304 - 81.508 ms -
GET /auth/login/success 304 - 92.703 ms -
GET /auth/login/success 304 - 81.462 ms -
GET /auth/login/success 304 - 83.132 ms -
GET /auth/login/success 304 - 81.694 ms -
GET /auth/login/success 304 - 82.185 ms -
GET /auth/login/success 304 - 87.872 ms -
GET /auth/login/success 304 - 78.939 ms -
GET /auth/login/success 304 - 85.451 ms -
GET /auth/login/success 304 - 86.963 ms -
GET /auth/login/success 304 - 80.567 ms -
GET /auth/login/success 304 - 87.964 ms -
GET /auth/login/success 304 - 83.514 ms -
GET /auth/login/success 304 - 81.023 ms -
GET /auth/login/success 304 - 84.945 ms -
GET /auth/login/success 304 - 82.329 ms -
GET /auth/login/success 304 - 80.853 ms -
GET /auth/login/success 304 - 83.919 ms -
GET /auth/login/success 304 - 81.330 ms -
GET /auth/login/success 304 - 83.572 ms -
GET /auth/login/success 304 - 81.322 ms -
GET /auth/login/success 304 - 82.424 ms -
GET /auth/login/success 304 - 84.925 ms -
GET /auth/login/success 304 - 80.391 ms -
GET /auth/login/success 304 - 86.605 ms -
GET /auth/login/success 304 - 92.158 ms -
GET /auth/login/success 304 - 79.950 ms -
GET /auth/login/success 304 - 80.626 ms -
GET /auth/login/success 304 - 83.633 ms -
GET /auth/login/success 304 - 80.346 ms -
GET /auth/login/success 304 - 84.452 ms -
GET /auth/login/success 304 - 87.616 ms -
GET /auth/login/success 304 - 80.559 ms -
GET /auth/login/success 304 - 82.542 ms -
GET /auth/login/success 304 - 80.859 ms -
GET /auth/login/success 304 - 87.387 ms -
GET /auth/login/success 304 - 80.712 ms -
GET /auth/login/success 304 - 84.018 ms -
GET /auth/login/success 304 - 79.471 ms -
GET /auth/login/success 304 - 83.445 ms -
GET /auth/login/success 304 - 89.690 ms -
GET /auth/login/success 304 - 84.961 ms -
GET /auth/login/success 304 - 84.928 ms -
GET /auth/login/success 304 - 80.246 ms -
GET /auth/login/success 304 - 81.657 ms -
GET /auth/login/success 304 - 80.839 ms -
GET /auth/login/success 304 - 81.957 ms -
GET /auth/login/success 304 - 84.693 ms -
GET /auth/login/success 304 - 83.598 ms -
GET /auth/login/success 304 - 81.738 ms -
GET /auth/login/success 304 - 80.465 ms -
GET /auth/login/success 304 - 79.514 ms -
GET /auth/login/success 304 - 89.232 ms -
GET /auth/login/success 304 - 86.330 ms -
GET /auth/login/success 304 - 80.133 ms -
GET /auth/login/success 304 - 83.324 ms -
GET /auth/login/success 304 - 83.302 ms -
GET /auth/login/success 304 - 86.117 ms -
GET /auth/login/success 304 - 79.921 ms -
GET /auth/login/success 304 - 83.748 ms -
GET /auth/login/success 304 - 84.558 ms -
GET /auth/login/success 304 - 80.714 ms -
GET /auth/login/success 304 - 84.086 ms -
GET /auth/login/success 304 - 79.231 ms -
GET /auth/login/success 304 - 83.506 ms -
GET /auth/login/success 304 - 85.189 ms -
GET /auth/login/success 304 - 79.893 ms -
GET /auth/login/success 304 - 86.308 ms -
GET /auth/login/success 304 - 80.789 ms -
GET /auth/login/success 304 - 84.031 ms -
GET /auth/login/success 304 - 84.169 ms -
GET /auth/login/success 304 - 81.485 ms -
GET /auth/login/success 304 - 81.419 ms -
GET /auth/login/success 304 - 83.993 ms -
GET /auth/login/success 304 - 82.095 ms -
GET /auth/login/success 304 - 89.635 ms -
GET /auth/login/success 304 - 79.965 ms -
GET /auth/login/success 304 - 87.512 ms -
GET /auth/login/success 304 - 87.947 ms -
GET /auth/login/success 304 - 80.882 ms -
GET /auth/login/success 304 - 89.887 ms -
GET /auth/login/success 304 - 79.672 ms -
GET /auth/login/success 304 - 83.508 ms -
GET /auth/login/success 304 - 80.959 ms -
GET /auth/login/success 304 - 81.859 ms -
GET /auth/login/success 304 - 81.909 ms -
GET /auth/login/success 304 - 84.449 ms -
GET /auth/login/success 304 - 82.640 ms -
GET /auth/login/success 304 - 80.609 ms -
GET /auth/login/success 304 - 84.205 ms -
GET /auth/login/success 304 - 80.503 ms -
GET /auth/login/success 304 - 86.676 ms -
GET /auth/login/success 304 - 93.082 ms -
GET /auth/login/success 304 - 85.087 ms -
GET /auth/login/success 304 - 91.297 ms -
GET /auth/login/success 304 - 87.817 ms -
GET /auth/login/success 304 - 84.078 ms -
GET /auth/login/success 304 - 89.083 ms -
GET /auth/login/success 304 - 87.873 ms -
GET /auth/login/success 304 - 86.128 ms -
GET /auth/login/success 304 - 82.883 ms -
GET /auth/login/success 304 - 85.942 ms -
GET /auth/login/success 304 - 89.306 ms -
GET /auth/login/success 304 - 82.767 ms -
GET /auth/login/success 304 - 89.246 ms -
GET /auth/login/success 304 - 82.861 ms -
GET /auth/login/success 304 - 82.863 ms -
GET /auth/login/success 304 - 91.563 ms -
GET /auth/login/success 304 - 91.329 ms -
GET /auth/login/success 304 - 83.759 ms -
GET /auth/login/success 304 - 86.799 ms -
GET /auth/login/success 304 - 98.991 ms -
GET /auth/login/success 304 - 90.523 ms -
GET /auth/login/success 304 - 87.455 ms -
GET /auth/login/success 304 - 92.523 ms -
GET /auth/login/success 304 - 81.917 ms -
GET /auth/login/success 304 - 89.048 ms -
GET /auth/login/success 304 - 83.113 ms -
GET /auth/login/success 304 - 86.750 ms -
GET /auth/login/success 304 - 88.487 ms -
GET /auth/login/success 304 - 85.250 ms -
GET /auth/login/success 304 - 88.083 ms -
GET /auth/login/success 304 - 85.857 ms -
GET /auth/login/success 304 - 85.543 ms -
GET /auth/login/success 304 - 96.778 ms -
GET /auth/login/success 304 - 101.736 ms -
GET /auth/login/success 304 - 85.426 ms -
GET /auth/login/success 304 - 86.567 ms -
GET /auth/login/success 304 - 90.560 ms -
GET /auth/login/success 304 - 88.601 ms -
GET /auth/login/success 304 - 89.673 ms -
GET /auth/login/success 304 - 86.966 ms -
GET /auth/login/success 304 - 82.427 ms -
GET /auth/login/success 304 - 87.154 ms -
GET /auth/login/success 304 - 98.820 ms -
GET /auth/login/success 304 - 89.746 ms -
GET /auth/login/success 304 - 84.562 ms -
GET /auth/login/success 304 - 91.520 ms -
GET /auth/login/success 304 - 82.997 ms -
GET /auth/login/success 304 - 83.925 ms -
GET /auth/login/success 304 - 95.146 ms -
GET /auth/login/success 304 - 84.580 ms -
GET /auth/login/success 304 - 86.376 ms -
GET /auth/login/success 304 - 81.879 ms -
GET /auth/login/success 304 - 91.290 ms -
GET /auth/login/success 304 - 97.972 ms -
GET /auth/login/success 304 - 82.471 ms -
GET /auth/login/success 304 - 87.489 ms -
GET /auth/login/success 304 - 81.958 ms -
GET /auth/login/success 304 - 90.062 ms -
GET /auth/login/success 304 - 89.270 ms -
GET /auth/login/success 304 - 90.062 ms -
GET /auth/login/success 304 - 90.456 ms -
GET /auth/login/success 304 - 86.756 ms -
GET /auth/login/success 304 - 83.170 ms -
GET /auth/login/success 304 - 96.286 ms -
GET /auth/login/success 304 - 83.768 ms -
GET /auth/login/success 304 - 83.407 ms -
GET /auth/login/success 304 - 86.709 ms -
GET /auth/login/success 304 - 86.655 ms -
GET /auth/login/success 304 - 88.056 ms -
GET /auth/login/success 304 - 87.575 ms -
GET /auth/login/success 304 - 82.976 ms -
GET /auth/login/success 304 - 83.210 ms -
GET /auth/login/success 304 - 81.716 ms -
GET /auth/login/success 304 - 92.256 ms -
GET /auth/login/success 304 - 89.276 ms -
GET /auth/login/success 304 - 87.870 ms -
GET /auth/login/success 304 - 89.063 ms -
GET /auth/login/success 304 - 86.341 ms -
GET /auth/login/success 304 - 87.127 ms -
GET /auth/login/success 304 - 108.413 ms -
GET /auth/login/success 304 - 83.646 ms -
GET /auth/login/success 304 - 95.346 ms -
GET /auth/login/success 304 - 90.229 ms -
GET /auth/login/success 304 - 87.685 ms -
GET /auth/login/success 304 - 85.049 ms -
GET /auth/login/success 304 - 88.396 ms -
GET /auth/login/success 304 - 92.172 ms -
GET /auth/login/success 304 - 85.167 ms -
GET /auth/login/success 304 - 82.176 ms -
GET /auth/login/success 304 - 89.548 ms -
GET /auth/login/success 304 - 90.901 ms -
GET /auth/login/success 304 - 97.732 ms -
GET /auth/login/success 304 - 91.097 ms -
GET /auth/login/success 304 - 92.199 ms -
GET /auth/login/success 304 - 93.166 ms -
GET /auth/login/success 304 - 104.769 ms -
GET /auth/login/success 304 - 86.281 ms -
GET /auth/login/success 304 - 91.300 ms -
GET /auth/login/success 304 - 85.341 ms -
GET /auth/login/success 304 - 87.579 ms -
GET /auth/login/success 304 - 93.184 ms -
GET /auth/login/success 304 - 84.767 ms -
GET /auth/login/success 304 - 88.658 ms -
GET /auth/login/success 304 - 82.502 ms -
GET /auth/login/success 304 - 82.436 ms -
GET /auth/login/success 304 - 123.065 ms -
GET /auth/login/success 304 - 89.664 ms -
GET /auth/login/success 304 - 94.372 ms -
GET /auth/login/success 304 - 87.620 ms -
GET /auth/login/success 304 - 87.456 ms -
GET /auth/login/success 304 - 87.468 ms -
GET /auth/login/success 304 - 93.259 ms -
GET /auth/login/success 304 - 94.131 ms -
GET /auth/login/success 304 - 84.584 ms -
GET /auth/login/success 304 - 97.670 ms -
GET /auth/login/success 304 - 92.573 ms -
GET /auth/login/success 304 - 91.210 ms -
GET /auth/login/success 304 - 91.503 ms -
GET /auth/login/success 304 - 91.778 ms -
GET /auth/login/success 304 - 86.496 ms -
GET /auth/login/success 304 - 107.367 ms -
GET /auth/login/success 304 - 98.627 ms -
GET /auth/login/success 304 - 90.686 ms -
GET /auth/login/success 304 - 86.225 ms -
GET /auth/login/success 304 - 86.404 ms -
GET /auth/login/success 304 - 95.151 ms -
GET /auth/login/success 304 - 87.610 ms -
GET /auth/login/success 304 - 93.444 ms -
GET /auth/login/success 304 - 90.180 ms -
GET /auth/login/success 304 - 82.360 ms -
GET /auth/login/success 304 - 82.232 ms -
GET /auth/login/success 304 - 85.679 ms -
GET /auth/login/success 304 - 96.726 ms -
GET /auth/login/success 304 - 89.627 ms -
GET /auth/login/success 304 - 92.102 ms -
GET /auth/login/success 304 - 95.303 ms -
GET /auth/login/success 304 - 84.284 ms -
GET /auth/login/success 304 - 87.849 ms -
GET /auth/login/success 304 - 89.695 ms -
GET /auth/login/success 304 - 91.257 ms -
GET /auth/login/success 304 - 94.635 ms -
GET /auth/login/success 304 - 100.280 ms -
GET /auth/login/success 304 - 84.840 ms -
GET /auth/login/success 304 - 94.373 ms -
GET /auth/login/success 304 - 87.539 ms -
GET /auth/login/success 304 - 88.441 ms -
GET /auth/login/success 304 - 88.347 ms -
GET /auth/login/success 304 - 92.504 ms -
GET /auth/login/success 304 - 95.477 ms -
GET /auth/login/success 304 - 120.980 ms -
GET /auth/login/success 304 - 102.766 ms -
GET /auth/login/success 304 - 83.175 ms -
GET /auth/login/success 304 - 87.115 ms -
GET /auth/login/success 304 - 88.036 ms -
GET /auth/login/success 304 - 83.925 ms -
GET /auth/login/success 304 - 109.208 ms -
GET /auth/login/success 304 - 86.450 ms -
GET /auth/login/success 304 - 90.754 ms -
GET /auth/login/success 304 - 83.747 ms -
GET /auth/login/success 304 - 86.153 ms -
GET /auth/login/success 304 - 89.586 ms -
GET /auth/login/success 304 - 88.985 ms -
GET /auth/login/success 304 - 92.193 ms -
GET /auth/login/success 304 - 95.607 ms -
GET /auth/login/success 304 - 85.701 ms -
GET /auth/login/success 304 - 88.217 ms -
GET /auth/login/success 304 - 86.569 ms -
GET /auth/login/success 304 - 90.315 ms -
GET /auth/login/success 304 - 88.954 ms -
GET /auth/login/success 304 - 87.206 ms -
GET /auth/login/success 304 - 93.653 ms -
GET /auth/login/success 304 - 86.827 ms -
GET /auth/login/success 304 - 84.757 ms -
GET /auth/login/success 304 - 89.656 ms -
GET /auth/login/success 304 - 87.429 ms -
GET /auth/login/success 304 - 85.052 ms -
GET /auth/login/success 304 - 84.203 ms -
GET /auth/login/success 304 - 85.921 ms -
GET /auth/login/success 304 - 90.381 ms -
GET /auth/login/success 304 - 84.076 ms -
GET /auth/login/success 304 - 96.536 ms -
GET /auth/login/success 304 - 93.160 ms -
GET /auth/login/success 304 - 84.327 ms -
GET /auth/login/success 304 - 83.982 ms -
GET /auth/login/success 304 - 90.569 ms -
GET /auth/login/success 304 - 88.175 ms -
GET /auth/login/success 304 - 88.967 ms -
GET /auth/login/success 304 - 88.318 ms -
GET /auth/login/success 304 - 85.842 ms -
GET /auth/login/success 304 - 131.366 ms -
GET /auth/login/success 304 - 85.074 ms -
GET /auth/login/success 304 - 101.974 ms -
GET /auth/login/success 304 - 89.933 ms -
GET /auth/login/success 304 - 83.343 ms -
GET /auth/login/success 304 - 89.596 ms -
GET /auth/login/success 304 - 89.100 ms -
GET /auth/login/success 304 - 83.448 ms -
GET /auth/login/success 304 - 84.691 ms -
GET /auth/login/success 304 - 99.261 ms -
GET /auth/login/success 304 - 88.526 ms -
GET /auth/login/success 304 - 83.499 ms -
GET /auth/login/success 304 - 85.689 ms -
GET /auth/login/success 304 - 87.385 ms -
GET /auth/login/success 304 - 101.202 ms -
GET /auth/login/success 304 - 93.552 ms -
GET /auth/login/success 304 - 86.170 ms -
GET /auth/login/success 304 - 165.358 ms -
GET /auth/login/success 304 - 88.047 ms -
GET /auth/login/success 304 - 83.303 ms -
GET /auth/login/success 304 - 87.112 ms -
GET /auth/login/success 304 - 97.646 ms -
GET /auth/login/success 304 - 102.439 ms -
GET /auth/login/success 304 - 88.940 ms -
GET /auth/login/success 304 - 90.605 ms -
GET /auth/login/success 304 - 90.099 ms -
GET /auth/login/success 304 - 83.447 ms -
GET /auth/login/success 304 - 84.024 ms -
GET /auth/login/success 304 - 82.730 ms -
GET /auth/login/success 304 - 85.876 ms -
GET /auth/login/success 304 - 83.755 ms -
GET /auth/login/success 304 - 84.844 ms -
GET /auth/login/success 304 - 85.999 ms -
GET /auth/login/success 304 - 82.736 ms -
GET /auth/login/success 304 - 99.456 ms -
GET /auth/login/success 304 - 83.662 ms -
GET /auth/login/success 304 - 86.453 ms -
GET /auth/login/success 304 - 90.706 ms -
GET /auth/login/success 304 - 95.732 ms -
GET /auth/login/success 304 - 93.261 ms -
GET /auth/login/success 304 - 105.499 ms -
GET /auth/login/success 304 - 97.365 ms -
GET /auth/login/success 304 - 88.263 ms -
GET /auth/login/success 304 - 104.429 ms -
GET /auth/login/success 304 - 111.402 ms -
GET /auth/login/success 304 - 93.369 ms -
GET /auth/login/success 304 - 90.801 ms -
GET /auth/login/success 304 - 91.375 ms -
GET /auth/login/success 304 - 84.399 ms -
GET /auth/login/success 304 - 89.701 ms -
GET /auth/login/success 304 - 88.050 ms -
GET /auth/login/success 304 - 91.676 ms -
GET /auth/login/success 304 - 87.114 ms -
GET /auth/login/success 304 - 91.553 ms -
GET /auth/login/success 304 - 88.709 ms -
GET /auth/login/success 304 - 89.392 ms -
GET /auth/login/success 304 - 95.479 ms -
GET /auth/login/success 304 - 83.138 ms -
GET /auth/login/success 304 - 82.537 ms -
GET /auth/login/success 304 - 92.230 ms -
GET /auth/login/success 304 - 98.485 ms -
GET /auth/login/success 304 - 90.722 ms -
GET /auth/login/success 304 - 88.013 ms -
GET /auth/login/success 304 - 85.939 ms -
GET /auth/login/success 304 - 95.857 ms -
GET /auth/login/success 304 - 93.602 ms -
GET /auth/login/success 304 - 90.096 ms -
GET /auth/login/success 304 - 86.619 ms -
GET /auth/login/success 304 - 88.937 ms -
GET /auth/login/success 304 - 83.814 ms -
GET /auth/login/success 304 - 82.119 ms -
GET /auth/login/success 304 - 89.202 ms -
GET /auth/login/success 304 - 88.364 ms -
GET /auth/login/success 304 - 82.145 ms -
GET /auth/login/success 304 - 88.787 ms -
GET /auth/login/success 304 - 94.870 ms -
GET /auth/login/success 304 - 83.663 ms -
GET /auth/login/success 304 - 108.552 ms -
GET /auth/login/success 304 - 91.947 ms -
GET /auth/login/success 304 - 86.322 ms -
GET /auth/login/success 304 - 117.059 ms -
GET /auth/login/success 304 - 82.883 ms -
GET /auth/login/success 304 - 101.194 ms -
GET /auth/login/success 304 - 82.517 ms -
GET /auth/login/success 304 - 83.272 ms -
GET /auth/login/success 304 - 84.090 ms -
GET /auth/login/success 304 - 84.605 ms -
GET /auth/login/success 304 - 83.562 ms -
GET /auth/login/success 304 - 85.616 ms -
GET /auth/login/success 304 - 89.701 ms -
GET /auth/login/success 304 - 87.805 ms -
GET /auth/login/success 304 - 83.214 ms -
GET /auth/login/success 304 - 87.603 ms -
GET /auth/login/success 304 - 87.356 ms -
GET /auth/login/success 304 - 81.949 ms -
GET /auth/login/success 304 - 82.588 ms -
GET /auth/login/success 304 - 83.502 ms -
GET /auth/login/success 304 - 85.906 ms -
GET /auth/login/success 304 - 97.310 ms -
GET /auth/login/success 304 - 84.634 ms -
GET /auth/login/success 304 - 84.144 ms -
GET /auth/login/success 304 - 86.410 ms -
GET /auth/login/success 304 - 91.618 ms -
GET /auth/login/success 304 - 87.252 ms -
GET /auth/login/success 304 - 84.249 ms -
GET /auth/login/success 304 - 93.825 ms -
GET /auth/login/success 304 - 93.604 ms -
GET /auth/login/success 304 - 92.446 ms -
GET /auth/login/success 304 - 87.342 ms -
GET /auth/login/success 304 - 85.732 ms -
GET /auth/login/success 304 - 89.942 ms -
GET /auth/login/success 304 - 90.488 ms -
GET /auth/login/success 304 - 83.176 ms -
GET /auth/login/success 304 - 84.432 ms -
GET /auth/login/success 304 - 94.243 ms -
GET /auth/login/success 304 - 86.466 ms -
GET /auth/login/success 304 - 88.048 ms -
GET /auth/login/success 304 - 82.699 ms -
GET /auth/login/success 304 - 89.258 ms -
GET /auth/login/success 304 - 90.141 ms -
GET /auth/login/success 304 - 89.736 ms -
GET /auth/login/success 304 - 87.154 ms -
GET /auth/login/success 304 - 83.494 ms -
GET /auth/login/success 304 - 81.963 ms -
GET /auth/login/success 304 - 87.176 ms -
GET /auth/login/success 304 - 82.424 ms -
GET /auth/login/success 304 - 82.930 ms -
GET /auth/login/success 304 - 83.564 ms -
GET /auth/login/success 304 - 83.991 ms -
GET /auth/login/success 304 - 87.306 ms -
GET /auth/login/success 304 - 97.792 ms -
GET /auth/login/success 304 - 82.376 ms -
GET /auth/login/success 304 - 106.846 ms -
GET /auth/login/success 304 - 89.801 ms -
GET /auth/login/success 304 - 84.993 ms -
GET /auth/login/success 304 - 87.160 ms -
GET /auth/login/success 304 - 91.368 ms -
GET /auth/login/success 304 - 86.411 ms -
GET /auth/login/success 304 - 97.279 ms -
GET /auth/login/success 304 - 82.269 ms -
GET /auth/login/success 304 - 81.449 ms -
GET /auth/login/success 304 - 90.283 ms -
GET /auth/login/success 304 - 83.013 ms -
GET /auth/login/success 304 - 84.108 ms -
GET /auth/login/success 304 - 93.440 ms -
GET /auth/login/success 304 - 103.253 ms -
GET /auth/login/success 304 - 90.140 ms -
GET /auth/login/success 304 - 84.405 ms -
GET /auth/login/success 304 - 82.551 ms -
GET /auth/login/success 304 - 84.308 ms -
GET /auth/login/success 304 - 126.484 ms -
GET /auth/login/success 304 - 85.441 ms -
GET /auth/login/success 304 - 83.136 ms -
GET /auth/login/success 304 - 83.516 ms -
GET /auth/login/success 304 - 85.554 ms -
GET /auth/login/success 304 - 95.682 ms -
GET /auth/login/success 304 - 86.045 ms -
GET /auth/login/success 304 - 100.000 ms -
GET /auth/login/success 304 - 87.601 ms -
GET /auth/login/success 304 - 99.912 ms -
GET /auth/login/success 304 - 83.470 ms -
GET /auth/login/success 304 - 83.159 ms -
GET /auth/login/success 304 - 83.351 ms -
GET /auth/login/success 304 - 89.847 ms -
GET /auth/login/success 304 - 84.168 ms -
GET /auth/login/success 304 - 89.311 ms -
GET /auth/login/success 304 - 88.623 ms -
GET /auth/login/success 304 - 88.695 ms -
GET /auth/login/success 304 - 94.845 ms -
GET /auth/login/success 304 - 92.699 ms -
GET /auth/login/success 304 - 85.298 ms -
GET /auth/login/success 304 - 83.566 ms -
GET /auth/login/success 304 - 84.746 ms -
GET /auth/login/success 304 - 91.634 ms -
GET /auth/login/success 304 - 89.350 ms -
GET /auth/login/success 304 - 93.705 ms -
GET /auth/login/success 304 - 98.767 ms -
GET /auth/login/success 304 - 88.188 ms -
GET /auth/login/success 304 - 88.237 ms -
GET /auth/login/success 304 - 88.985 ms -
GET /auth/login/success 304 - 91.302 ms -
GET /auth/login/success 304 - 86.353 ms -
GET /auth/login/success 304 - 85.597 ms -
GET /auth/login/success 304 - 87.691 ms -
GET /auth/login/success 304 - 87.574 ms -
GET /auth/login/success 304 - 97.014 ms -
GET /auth/login/success 304 - 87.965 ms -
GET /auth/login/success 304 - 82.462 ms -
GET /auth/login/success 304 - 88.273 ms -
GET /auth/login/success 304 - 87.284 ms -
GET /auth/login/success 304 - 86.107 ms -
GET /auth/login/success 304 - 106.540 ms -
GET /auth/login/success 304 - 92.135 ms -
GET /auth/login/success 304 - 91.377 ms -
GET /auth/login/success 304 - 83.935 ms -
GET /auth/login/success 304 - 93.454 ms -
GET /auth/login/success 304 - 85.870 ms -
GET /auth/login/success 304 - 83.328 ms -
GET /auth/login/success 304 - 112.058 ms -
GET /auth/login/success 304 - 102.468 ms -
GET /auth/login/success 304 - 83.506 ms -
GET /auth/login/success 304 - 81.470 ms -
GET /auth/login/success 304 - 94.126 ms -
GET /auth/login/success 304 - 104.727 ms -
GET /auth/login/success 304 - 90.307 ms -
GET /auth/login/success 304 - 85.537 ms -
GET /auth/login/success 304 - 83.540 ms -
GET /auth/login/success 304 - 89.196 ms -
GET /auth/login/success 304 - 93.359 ms -
GET /auth/login/success 304 - 86.131 ms -
GET /auth/login/success 304 - 85.512 ms -
GET /auth/login/success 304 - 86.660 ms -
GET /auth/login/success 304 - 83.103 ms -
GET /auth/login/success 304 - 84.620 ms -
GET /auth/login/success 304 - 102.454 ms -
GET /auth/login/success 304 - 82.697 ms -
GET /auth/login/success 304 - 107.019 ms -
GET /auth/login/success 304 - 88.665 ms -
GET /auth/login/success 304 - 90.876 ms -
GET /auth/login/success 304 - 87.388 ms -
GET /auth/login/success 304 - 93.365 ms -
GET /auth/login/success 304 - 88.415 ms -
GET /auth/login/success 304 - 83.351 ms -
GET /auth/login/success 304 - 84.114 ms -
GET /auth/login/success 304 - 95.041 ms -
GET /auth/login/success 304 - 90.839 ms -
GET /auth/login/success 304 - 85.542 ms -
GET /auth/login/success 304 - 90.788 ms -
GET /auth/login/success 304 - 96.701 ms -
GET /auth/login/success 304 - 86.601 ms -
GET /auth/login/success 304 - 91.032 ms -
GET /auth/login/success 304 - 85.753 ms -
GET /auth/login/success 304 - 83.746 ms -
GET /auth/login/success 304 - 86.635 ms -
GET /auth/login/success 304 - 102.781 ms -
GET /auth/login/success 304 - 100.300 ms -
GET /auth/login/success 304 - 85.235 ms -
GET /auth/login/success 304 - 90.123 ms -
GET /auth/login/success 304 - 89.453 ms -
GET /auth/login/success 304 - 87.415 ms -
GET /auth/login/success 304 - 91.540 ms -
GET /auth/login/success 304 - 83.326 ms -
GET /auth/login/success 304 - 85.387 ms -
GET /auth/login/success 304 - 99.306 ms -
GET /auth/login/success 304 - 80.296 ms -
GET /auth/login/success 304 - 85.915 ms -
POST /auth/upload 200 180 119.238 ms -
GET /auth/login/success 200 659 84.007 ms -
POST /auth/upload 200 188 129.228 ms -
GET /auth/login/success 200 792 82.945 ms -
GET /auth/login/success 304 - 86.769 ms -
GET /auth/login/success 200 158 88.241 ms -
POST /auth/upload 200 183 136.612 ms -
GET /auth/login/success 200 285 126.868 ms -
GET /auth/login/success 200 285 129.100 ms -
GET /auth/login/success 304 - 88.023 ms -
GET /auth/login/success 304 - 89.859 ms -
POST /auth/upload 200 183 165.514 ms -
GET /auth/login/success 200 413 91.055 ms -
POST /auth/upload 200 183 116.687 ms -
GET /auth/login/success 200 541 85.616 ms -
GET /auth/login/success 304 - 91.059 ms -
GET /auth/login/success 304 - 105.994 ms -
POST /auth/upload 200 183 187.650 ms -
GET /auth/login/success 200 669 88.083 ms -
POST /auth/upload 200 176 143.031 ms -
GET /auth/login/success 200 790 103.203 ms -
POST /auth/upload 200 176 115.259 ms -
GET /auth/login/success 200 911 87.891 ms -
GET /auth/login/success 304 - 85.477 ms -
GET /auth/login/success 304 - 90.908 ms -
GET /auth/login/success 304 - 90.872 ms -
GET /auth/login/success 304 - 92.072 ms -
GET /auth/login/success 304 - 93.937 ms -
GET /auth/login/success 304 - 94.019 ms -
GET /auth/login/success 304 - 87.598 ms -
GET /auth/login/success 304 - 89.165 ms -
GET /auth/login/success 304 - 86.969 ms -
GET /auth/login/success 304 - 88.618 ms -
GET /auth/login/success 304 - 89.522 ms -
GET /auth/login/success 304 - 86.499 ms -
GET /auth/login/success 304 - 87.793 ms -
GET /auth/login/success 304 - 87.226 ms -
GET /auth/login/success 304 - 88.059 ms -
GET /auth/login/success 304 - 87.161 ms -
GET /auth/login/success 304 - 86.616 ms -
GET /auth/login/success 304 - 96.471 ms -
GET /auth/login/success 304 - 86.944 ms -
GET /auth/login/success 304 - 87.132 ms -
GET /auth/login/success 304 - 85.070 ms -
GET /auth/login/success 304 - 89.156 ms -
GET /auth/login/success 304 - 87.625 ms -
GET /auth/login/success 304 - 86.410 ms -
GET /auth/login/success 304 - 85.587 ms -
GET /auth/login/success 304 - 88.204 ms -
GET /auth/login/success 304 - 87.767 ms -
GET /auth/login/success 304 - 87.262 ms -
GET /auth/login/success 304 - 85.418 ms -
GET /auth/login/success 304 - 90.357 ms -
GET /auth/login/success 304 - 86.347 ms -
GET /auth/login/success 304 - 85.372 ms -
GET /auth/login/success 304 - 94.923 ms -
GET /auth/login/success 304 - 84.392 ms -
GET /auth/login/success 304 - 86.396 ms -
GET /auth/login/success 304 - 91.181 ms -
GET /auth/login/success 304 - 92.446 ms -
GET /auth/login/success 304 - 89.471 ms -
GET /auth/login/success 304 - 90.642 ms -
GET /auth/login/success 304 - 85.248 ms -
GET /auth/login/success 304 - 91.683 ms -
GET /auth/login/success 304 - 94.120 ms -
GET /auth/login/success 304 - 86.256 ms -
GET /auth/login/success 304 - 86.440 ms -
GET /auth/login/success 304 - 87.532 ms -
GET /auth/login/success 304 - 91.049 ms -
GET /auth/login/success 304 - 89.865 ms -
GET /auth/login/success 304 - 89.290 ms -
GET /auth/login/success 304 - 89.659 ms -
GET /auth/login/success 304 - 90.025 ms -
GET /auth/login/success 304 - 85.981 ms -
GET /auth/login/success 304 - 87.957 ms -
GET /auth/login/success 304 - 88.402 ms -
GET /auth/login/success 304 - 89.818 ms -
GET /auth/login/success 304 - 83.309 ms -
GET /auth/login/success 304 - 95.140 ms -
GET /auth/login/success 304 - 85.061 ms -
GET /auth/login/success 304 - 87.405 ms -
GET /auth/login/success 304 - 89.407 ms -
GET /auth/login/success 304 - 86.708 ms -
GET /auth/login/success 304 - 89.418 ms -
GET /auth/login/success 304 - 89.319 ms -
GET /auth/login/success 304 - 85.160 ms -
GET /auth/login/success 304 - 85.915 ms -
GET /auth/login/success 304 - 85.135 ms -
GET /auth/login/success 304 - 85.002 ms -
GET /auth/login/success 304 - 84.743 ms -
GET /auth/login/success 304 - 86.327 ms -
GET /auth/login/success 304 - 96.513 ms -
GET /auth/login/success 304 - 87.954 ms -
GET /auth/login/success 304 - 90.119 ms -
GET /auth/login/success 304 - 96.391 ms -
GET /auth/login/success 304 - 84.673 ms -
GET /auth/login/success 304 - 85.906 ms -
GET /auth/login/success 304 - 93.535 ms -
GET /auth/login/success 304 - 93.046 ms -
GET /auth/login/success 304 - 87.578 ms -
GET /auth/login/success 304 - 88.559 ms -
GET /auth/login/success 304 - 86.396 ms -
GET /auth/login/success 304 - 85.289 ms -
GET /auth/login/success 304 - 90.281 ms -
GET /auth/login/success 304 - 87.753 ms -
GET /auth/login/success 304 - 84.221 ms -
GET /auth/login/success 304 - 97.402 ms -
GET /auth/login/success 304 - 87.183 ms -
GET /auth/login/success 304 - 88.800 ms -
GET /auth/login/success 304 - 88.480 ms -
GET /auth/login/success 304 - 88.167 ms -
GET /auth/login/success 304 - 87.360 ms -
GET /auth/login/success 304 - 85.356 ms -
GET /auth/login/success 304 - 87.552 ms -
GET /auth/login/success 304 - 93.174 ms -
GET /auth/login/success 304 - 86.338 ms -
GET /auth/login/success 304 - 89.344 ms -
GET /auth/login/success 304 - 90.931 ms -
GET /auth/login/success 304 - 97.944 ms -
POST /auth/upload 200 190 186.728 ms -
GET /auth/login/success 200 1046 111.065 ms -
GET /auth/login/success 304 - 90.105 ms -
GET /auth/login/success 304 - 92.972 ms -
POST /auth/upload 200 190 390.479 ms -
GET /auth/login/success 200 1181 88.233 ms -
POST /auth/upload 200 190 133.159 ms -
GET /auth/login/success 200 1316 88.079 ms -
GET /auth/login/success 200 158 91.500 ms -
GET /auth/login/success 200 158 95.255 ms -
POST /auth/upload 500 74 38.609 ms -
POST /auth/upload 200 185 174.693 ms -
GET /auth/login/success 200 287 80.894 ms -
POST /auth/upload 200 176 104.929 ms -
GET /auth/login/success 200 408 80.381 ms -
GET /upload/1 404 60 19.465 ms -
GET /favicon.ico 404 60 2.704 ms -
GET /upload/undefined 404 60 13.958 ms -
GET /upload/undefined 404 60 14.178 ms -
GET /upload/bf690a2e-433b-4cce-a2fe-4df7645ac439.pdf 200 1403146 14.433 ms -
GET /upload/2b9aa6cd-4c7b-4d48-8018-f4f3d7c1f0f9.pdf 200 50822 44.228 ms -
GET /auth/logout 304 - 2.970 ms -
GET /auth/google 302 0 16.143 ms -
GET /auth/google/callback?code=4%2F0ARtbsJqqLfq8E2OnO7IBMa8p6ZgIGJe0z1Dy3YctoALxF2LfMoKmyoumbPVTWOWYOjQ9Mw&scope=email+profile+https%3A%2F%2Fwww.googleapis.com%2Fauth%2Fuserinfo.profile+https%3A%2F%2Fwww.googleapis.com%2Fauth%2Fuserinfo.email+openid&authuser=0&prompt=consent 302 86 737.806 ms -
GET /auth/login/success 200 166 83.581 ms -
GET /auth/login/success 304 - 86.048 ms -
POST /auth/upload 200 177 123.577 ms -
GET /auth/login/success 304 - 86.323 ms -
POST /auth/upload 200 177 165.994 ms -
GET /auth/login/success 304 - 211.522 ms -
POST /auth/upload 200 177 111.362 ms -
GET /auth/login/success 304 - 81.485 ms -
POST /auth/upload 200 186 170.522 ms -
GET /auth/login/success 304 - 102.768 ms -
POST /auth/upload 200 186 147.684 ms -
GET /auth/login/success 304 - 83.437 ms -
POST /auth/upload 200 186 192.066 ms -
GET /auth/login/success 200 296 98.307 ms -
POST /auth/upload 200 186 151.693 ms -
GET /auth/login/success 200 427 87.909 ms -
GET /auth/login/success 200 166 145.819 ms -
GET /auth/login/success 200 166 1187.032 ms -
